<?xml version="1.0" encoding="UTF-8"?>
<!-- Generated by org.testng.reporters.JUnitReportReporter -->
<testsuite skipped="0" hostname="DESKTOP-R0QK2O8" name="day6.Guru99Project" tests="1" failures="0" timestamp="13 May 2018 17:23:45 GMT" time="1.377" errors="0">
  <testcase name="login" time="1.377" classname="day6.Guru99Project"/>
</testsuite> <!-- day6.Guru99Project -->
