<?xml version="1.0" encoding="UTF-8"?>
<!-- Generated by org.testng.reporters.JUnitReportReporter -->
<testsuite skipped="0" hostname="DESKTOP-R0QK2O8" name="day6.MercuryTravelTestcase" tests="2" failures="0" timestamp="13 May 2018 17:41:24 GMT" time="2.547" errors="0">
  <testcase name="verifyReturnDateIsVisibleInRoundTrip" time="1.391" classname="day6.MercuryTravelTestcase"/>
  <testcase name="verifyReturnDateIsNotVisibleInOneWayTrip" time="1.156" classname="day6.MercuryTravelTestcase"/>
</testsuite> <!-- day6.MercuryTravelTestcase -->
