<?xml version="1.0" encoding="UTF-8"?>
<!-- Generated by org.testng.reporters.JUnitReportReporter -->
<testsuite skipped="0" hostname="DESKTOP-R0QK2O8" name="day6.Testing1" tests="2" failures="0" timestamp="13 May 2018 16:37:22 GMT" time="0.014" errors="0">
  <testcase name="testcase5" time="0.011" classname="day6.Testing1"/>
  <testcase name="testcase12" time="0.003" classname="day6.Testing1"/>
</testsuite> <!-- day6.Testing1 -->
