<?xml version="1.0" encoding="UTF-8"?>
<!-- Generated by org.testng.reporters.JUnitReportReporter -->
<testsuite skipped="0" hostname="DESKTOP-R0QK2O8" name="day6.DataProviderExample" tests="5" failures="0" timestamp="13 May 2018 17:16:09 GMT" time="0.030" errors="0">
  <testcase name="printParameters" time="0.005" classname="day6.DataProviderExample"/>
  <testcase name="printParameters" time="0.017" classname="day6.DataProviderExample"/>
  <testcase name="printParameters" time="0.004" classname="day6.DataProviderExample"/>
  <testcase name="printParameters" time="0.002" classname="day6.DataProviderExample"/>
  <testcase name="printParameters" time="0.002" classname="day6.DataProviderExample"/>
</testsuite> <!-- day6.DataProviderExample -->
